{"/Users/kesslertorrez/Documents/My Projects/React/react-prueba/src/common/constants/baseUrl.ts": {"path":"/Users/kesslertorrez/Documents/My Projects/React/react-prueba/src/common/constants/baseUrl.ts","statementMap":{"0":{"start":{"line":1,"column":23},"end":{"line":5,"column":1}}},"fnMap":{},"branchMap":{},"s":{"0":1},"f":{},"b":{},"_coverageSchema":"1a1c01bbd47fc00a2c39e90264f33305004495a9","hash":"f64ff416ac697af8aa990cb82318f259d376609f"}
,"/Users/kesslertorrez/Documents/My Projects/React/react-prueba/src/data/adapters/usersAdapter.ts": {"path":"/Users/kesslertorrez/Documents/My Projects/React/react-prueba/src/data/adapters/usersAdapter.ts","statementMap":{"0":{"start":{"line":4,"column":21},"end":{"line":11,"column":1}},"1":{"start":{"line":5,"column":4},"end":{"line":10,"column":5}}},"fnMap":{"0":{"name":"(anonymous_0)","decl":{"start":{"line":4,"column":21},"end":{"line":4,"column":22}},"loc":{"start":{"line":4,"column":51},"end":{"line":11,"column":1}},"line":4}},"branchMap":{},"s":{"0":1,"1":0},"f":{"0":0},"b":{},"_coverageSchema":"1a1c01bbd47fc00a2c39e90264f33305004495a9","hash":"4c6221651893d9dba2ae7918c9e907cd7d095a0e"}
,"/Users/kesslertorrez/Documents/My Projects/React/react-prueba/src/data/models/userModel.ts": {"path":"/Users/kesslertorrez/Documents/My Projects/React/react-prueba/src/data/models/userModel.ts","statementMap":{"0":{"start":{"line":14,"column":8},"end":{"line":14,"column":21}},"1":{"start":{"line":15,"column":8},"end":{"line":15,"column":25}},"2":{"start":{"line":16,"column":8},"end":{"line":16,"column":29}},"3":{"start":{"line":17,"column":8},"end":{"line":17,"column":35}}},"fnMap":{"0":{"name":"(anonymous_0)","decl":{"start":{"line":8,"column":4},"end":{"line":8,"column":5}},"loc":{"start":{"line":13,"column":6},"end":{"line":18,"column":5}},"line":13}},"branchMap":{},"s":{"0":0,"1":0,"2":0,"3":0},"f":{"0":0},"b":{},"_coverageSchema":"1a1c01bbd47fc00a2c39e90264f33305004495a9","hash":"2061731021419d5ada10cecee50d5567ec91a43f"}
,"/Users/kesslertorrez/Documents/My Projects/React/react-prueba/src/data/repositories/usersRepository.ts": {"path":"/Users/kesslertorrez/Documents/My Projects/React/react-prueba/src/data/repositories/usersRepository.ts","statementMap":{"0":{"start":{"line":11,"column":8},"end":{"line":29,"column":9}},"1":{"start":{"line":13,"column":25},"end":{"line":13,"column":67}},"2":{"start":{"line":15,"column":16},"end":{"line":15,"column":33}},"3":{"start":{"line":17,"column":12},"end":{"line":19,"column":13}},"4":{"start":{"line":18,"column":16},"end":{"line":18,"column":45}},"5":{"start":{"line":21,"column":25},"end":{"line":21,"column":70}},"6":{"start":{"line":21,"column":50},"end":{"line":21,"column":68}},"7":{"start":{"line":23,"column":28},"end":{"line":23,"column":60}},"8":{"start":{"line":25,"column":12},"end":{"line":25,"column":30}},"9":{"start":{"line":28,"column":12},"end":{"line":28,"column":24}}},"fnMap":{"0":{"name":"(anonymous_0)","decl":{"start":{"line":10,"column":4},"end":{"line":10,"column":5}},"loc":{"start":{"line":10,"column":64},"end":{"line":30,"column":5}},"line":10},"1":{"name":"(anonymous_1)","decl":{"start":{"line":21,"column":35},"end":{"line":21,"column":36}},"loc":{"start":{"line":21,"column":50},"end":{"line":21,"column":68}},"line":21}},"branchMap":{"0":{"loc":{"start":{"line":17,"column":12},"end":{"line":19,"column":13}},"type":"if","locations":[{"start":{"line":17,"column":12},"end":{"line":19,"column":13}},{"start":{},"end":{}}],"line":17}},"s":{"0":4,"1":4,"2":0,"3":0,"4":0,"5":0,"6":0,"7":0,"8":0,"9":4},"f":{"0":4,"1":0},"b":{"0":[0,0]},"_coverageSchema":"1a1c01bbd47fc00a2c39e90264f33305004495a9","hash":"eb338fb975016d757454c6a49026c544bb380ccd"}
,"/Users/kesslertorrez/Documents/My Projects/React/react-prueba/src/domain/useCases/getAllUsers.ts": {"path":"/Users/kesslertorrez/Documents/My Projects/React/react-prueba/src/domain/useCases/getAllUsers.ts","statementMap":{"0":{"start":{"line":7,"column":22},"end":{"line":7,"column":57}},"1":{"start":{"line":8,"column":8},"end":{"line":8,"column":21}}},"fnMap":{"0":{"name":"(anonymous_0)","decl":{"start":{"line":6,"column":4},"end":{"line":6,"column":5}},"loc":{"start":{"line":6,"column":50},"end":{"line":9,"column":5}},"line":6}},"branchMap":{},"s":{"0":4,"1":0},"f":{"0":4},"b":{},"_coverageSchema":"1a1c01bbd47fc00a2c39e90264f33305004495a9","hash":"4faa22e052d71dc27e7c16e6580785d41248d4de"}
,"/Users/kesslertorrez/Documents/My Projects/React/react-prueba/src/presentation/components/button/index.tsx": {"path":"/Users/kesslertorrez/Documents/My Projects/React/react-prueba/src/presentation/components/button/index.tsx","statementMap":{"0":{"start":{"line":5,"column":30},"end":{"line":14,"column":1}},"1":{"start":{"line":6,"column":4},"end":{"line":13,"column":6}}},"fnMap":{"0":{"name":"(anonymous_0)","decl":{"start":{"line":5,"column":30},"end":{"line":5,"column":31}},"loc":{"start":{"line":5,"column":62},"end":{"line":14,"column":1}},"line":5}},"branchMap":{},"s":{"0":1,"1":3},"f":{"0":3},"b":{},"_coverageSchema":"1a1c01bbd47fc00a2c39e90264f33305004495a9","hash":"1f23eced6441ccef84ccad420905297f52d93fa2"}
,"/Users/kesslertorrez/Documents/My Projects/React/react-prueba/src/presentation/components/cards/TaskCard.tsx": {"path":"/Users/kesslertorrez/Documents/My Projects/React/react-prueba/src/presentation/components/cards/TaskCard.tsx","statementMap":{"0":{"start":{"line":4,"column":24},"end":{"line":16,"column":1}},"1":{"start":{"line":5,"column":4},"end":{"line":15,"column":10}},"2":{"start":{"line":10,"column":27},"end":{"line":10,"column":45}}},"fnMap":{"0":{"name":"(anonymous_0)","decl":{"start":{"line":4,"column":24},"end":{"line":4,"column":25}},"loc":{"start":{"line":5,"column":4},"end":{"line":15,"column":10}},"line":5},"1":{"name":"(anonymous_1)","decl":{"start":{"line":10,"column":21},"end":{"line":10,"column":22}},"loc":{"start":{"line":10,"column":27},"end":{"line":10,"column":45}},"line":10}},"branchMap":{},"s":{"0":2,"1":3,"2":0},"f":{"0":3,"1":0},"b":{},"_coverageSchema":"1a1c01bbd47fc00a2c39e90264f33305004495a9","hash":"a3524f82bb385111183172d10b8f64219cbeedc6"}
,"/Users/kesslertorrez/Documents/My Projects/React/react-prueba/src/presentation/components/cards/UserCard.tsx": {"path":"/Users/kesslertorrez/Documents/My Projects/React/react-prueba/src/presentation/components/cards/UserCard.tsx","statementMap":{"0":{"start":{"line":4,"column":24},"end":{"line":17,"column":1}},"1":{"start":{"line":5,"column":4},"end":{"line":16,"column":6}}},"fnMap":{"0":{"name":"(anonymous_0)","decl":{"start":{"line":4,"column":24},"end":{"line":4,"column":25}},"loc":{"start":{"line":4,"column":50},"end":{"line":17,"column":1}},"line":4}},"branchMap":{},"s":{"0":2,"1":4},"f":{"0":4},"b":{},"_coverageSchema":"1a1c01bbd47fc00a2c39e90264f33305004495a9","hash":"cd6004cea230f3a9af456d188941d0e08aa22435"}
,"/Users/kesslertorrez/Documents/My Projects/React/react-prueba/src/presentation/components/errors/EndpointError.tsx": {"path":"/Users/kesslertorrez/Documents/My Projects/React/react-prueba/src/presentation/components/errors/EndpointError.tsx","statementMap":{"0":{"start":{"line":1,"column":29},"end":{"line":8,"column":1}},"1":{"start":{"line":2,"column":4},"end":{"line":7,"column":6}}},"fnMap":{"0":{"name":"(anonymous_0)","decl":{"start":{"line":1,"column":29},"end":{"line":1,"column":30}},"loc":{"start":{"line":1,"column":35},"end":{"line":8,"column":1}},"line":1}},"branchMap":{},"s":{"0":1,"1":1},"f":{"0":1},"b":{},"_coverageSchema":"1a1c01bbd47fc00a2c39e90264f33305004495a9","hash":"b0b17b4e1be4b728557a99556bc6c015fae73851"}
,"/Users/kesslertorrez/Documents/My Projects/React/react-prueba/src/presentation/components/input/index.tsx": {"path":"/Users/kesslertorrez/Documents/My Projects/React/react-prueba/src/presentation/components/input/index.tsx","statementMap":{"0":{"start":{"line":8,"column":21},"end":{"line":18,"column":1}},"1":{"start":{"line":9,"column":4},"end":{"line":17,"column":6}}},"fnMap":{"0":{"name":"(anonymous_0)","decl":{"start":{"line":8,"column":21},"end":{"line":8,"column":22}},"loc":{"start":{"line":8,"column":44},"end":{"line":18,"column":1}},"line":8}},"branchMap":{},"s":{"0":1,"1":3},"f":{"0":3},"b":{},"_coverageSchema":"1a1c01bbd47fc00a2c39e90264f33305004495a9","hash":"3ffd113f04fb3152970cb69172cd413efa018ef3"}
,"/Users/kesslertorrez/Documents/My Projects/React/react-prueba/src/presentation/components/loaders/Loader.tsx": {"path":"/Users/kesslertorrez/Documents/My Projects/React/react-prueba/src/presentation/components/loaders/Loader.tsx","statementMap":{"0":{"start":{"line":1,"column":22},"end":{"line":9,"column":3}},"1":{"start":{"line":2,"column":4},"end":{"line":8,"column":6}}},"fnMap":{"0":{"name":"(anonymous_0)","decl":{"start":{"line":1,"column":22},"end":{"line":1,"column":23}},"loc":{"start":{"line":1,"column":28},"end":{"line":9,"column":3}},"line":1}},"branchMap":{},"s":{"0":1,"1":1},"f":{"0":1},"b":{},"_coverageSchema":"1a1c01bbd47fc00a2c39e90264f33305004495a9","hash":"af61c61710b909db837ada7a1ecaae2f9029225d"}
,"/Users/kesslertorrez/Documents/My Projects/React/react-prueba/src/presentation/components/sidebar/index.tsx": {"path":"/Users/kesslertorrez/Documents/My Projects/React/react-prueba/src/presentation/components/sidebar/index.tsx","statementMap":{"0":{"start":{"line":6,"column":23},"end":{"line":23,"column":1}},"1":{"start":{"line":7,"column":2},"end":{"line":22,"column":4}},"2":{"start":{"line":10,"column":27},"end":{"line":10,"column":47}},"3":{"start":{"line":16,"column":27},"end":{"line":16,"column":47}}},"fnMap":{"0":{"name":"(anonymous_0)","decl":{"start":{"line":6,"column":23},"end":{"line":6,"column":24}},"loc":{"start":{"line":6,"column":48},"end":{"line":23,"column":1}},"line":6},"1":{"name":"(anonymous_1)","decl":{"start":{"line":10,"column":21},"end":{"line":10,"column":22}},"loc":{"start":{"line":10,"column":27},"end":{"line":10,"column":47}},"line":10},"2":{"name":"(anonymous_2)","decl":{"start":{"line":16,"column":21},"end":{"line":16,"column":22}},"loc":{"start":{"line":16,"column":27},"end":{"line":16,"column":47}},"line":16}},"branchMap":{"0":{"loc":{"start":{"line":11,"column":96},"end":{"line":11,"column":137}},"type":"cond-expr","locations":[{"start":{"line":11,"column":119},"end":{"line":11,"column":132}},{"start":{"line":11,"column":135},"end":{"line":11,"column":137}}],"line":11},"1":{"loc":{"start":{"line":17,"column":96},"end":{"line":17,"column":137}},"type":"cond-expr","locations":[{"start":{"line":17,"column":119},"end":{"line":17,"column":132}},{"start":{"line":17,"column":135},"end":{"line":17,"column":137}}],"line":17}},"s":{"0":1,"1":5,"2":0,"3":0},"f":{"0":5,"1":0,"2":0},"b":{"0":[5,0],"1":[0,5]},"_coverageSchema":"1a1c01bbd47fc00a2c39e90264f33305004495a9","hash":"7463ee5e6a46560b181bcdbb42851c7711b27dac"}
,"/Users/kesslertorrez/Documents/My Projects/React/react-prueba/src/presentation/redux/hooks.ts": {"path":"/Users/kesslertorrez/Documents/My Projects/React/react-prueba/src/presentation/redux/hooks.ts","statementMap":{"0":{"start":{"line":6,"column":49},"end":{"line":6,"column":60}},"1":{"start":{"line":7,"column":63},"end":{"line":7,"column":74}}},"fnMap":{},"branchMap":{},"s":{"0":2,"1":2},"f":{},"b":{},"_coverageSchema":"1a1c01bbd47fc00a2c39e90264f33305004495a9","hash":"8657892373e82c5319aeb7c4932a5c7b332b3a08"}
,"/Users/kesslertorrez/Documents/My Projects/React/react-prueba/src/presentation/redux/store.tsx": {"path":"/Users/kesslertorrez/Documents/My Projects/React/react-prueba/src/presentation/redux/store.tsx","statementMap":{"0":{"start":{"line":7,"column":21},"end":{"line":12,"column":2}}},"fnMap":{},"branchMap":{},"s":{"0":2},"f":{},"b":{},"_coverageSchema":"1a1c01bbd47fc00a2c39e90264f33305004495a9","hash":"659e87b4ed8ffa5af61bf09704f5bf4a2d6ee151"}
,"/Users/kesslertorrez/Documents/My Projects/React/react-prueba/src/presentation/redux/slices/list/listSlice.ts": {"path":"/Users/kesslertorrez/Documents/My Projects/React/react-prueba/src/presentation/redux/slices/list/listSlice.ts","statementMap":{"0":{"start":{"line":5,"column":21},"end":{"line":9,"column":1}},"1":{"start":{"line":11,"column":25},"end":{"line":25,"column":2}},"2":{"start":{"line":16,"column":12},"end":{"line":16,"column":45}},"3":{"start":{"line":19,"column":12},"end":{"line":19,"column":45}},"4":{"start":{"line":22,"column":12},"end":{"line":22,"column":51}},"5":{"start":{"line":27,"column":73},"end":{"line":27,"column":90}}},"fnMap":{"0":{"name":"(anonymous_0)","decl":{"start":{"line":15,"column":24},"end":{"line":15,"column":25}},"loc":{"start":{"line":15,"column":75},"end":{"line":17,"column":9}},"line":15},"1":{"name":"(anonymous_1)","decl":{"start":{"line":18,"column":28},"end":{"line":18,"column":29}},"loc":{"start":{"line":18,"column":71},"end":{"line":20,"column":9}},"line":18},"2":{"name":"(anonymous_2)","decl":{"start":{"line":21,"column":27},"end":{"line":21,"column":28}},"loc":{"start":{"line":21,"column":70},"end":{"line":23,"column":9}},"line":21}},"branchMap":{},"s":{"0":3,"1":3,"2":1,"3":5,"4":5,"5":3},"f":{"0":1,"1":5,"2":5},"b":{},"_coverageSchema":"1a1c01bbd47fc00a2c39e90264f33305004495a9","hash":"e362a311015d82a677a80ab8efeeb84eeecbd893"}
,"/Users/kesslertorrez/Documents/My Projects/React/react-prueba/src/presentation/redux/slices/list/thunks.ts": {"path":"/Users/kesslertorrez/Documents/My Projects/React/react-prueba/src/presentation/redux/slices/list/thunks.ts","statementMap":{"0":{"start":{"line":6,"column":26},"end":{"line":24,"column":1}},"1":{"start":{"line":6,"column":32},"end":{"line":24,"column":1}},"2":{"start":{"line":9,"column":4},"end":{"line":9,"column":39}},"3":{"start":{"line":11,"column":4},"end":{"line":23,"column":5}},"4":{"start":{"line":13,"column":28},"end":{"line":13,"column":58}},"5":{"start":{"line":15,"column":8},"end":{"line":15,"column":44}},"6":{"start":{"line":17,"column":8},"end":{"line":17,"column":42}},"7":{"start":{"line":19,"column":8},"end":{"line":19,"column":43}},"8":{"start":{"line":22,"column":8},"end":{"line":22,"column":42}}},"fnMap":{"0":{"name":"(anonymous_0)","decl":{"start":{"line":6,"column":26},"end":{"line":6,"column":27}},"loc":{"start":{"line":6,"column":32},"end":{"line":24,"column":1}},"line":6},"1":{"name":"(anonymous_1)","decl":{"start":{"line":6,"column":32},"end":{"line":6,"column":33}},"loc":{"start":{"line":6,"column":62},"end":{"line":24,"column":1}},"line":6}},"branchMap":{},"s":{"0":1,"1":4,"2":4,"3":4,"4":4,"5":0,"6":0,"7":0,"8":4},"f":{"0":4,"1":4},"b":{},"_coverageSchema":"1a1c01bbd47fc00a2c39e90264f33305004495a9","hash":"227ea083a2d4868eb7da3a85d5446d29ccbabaa9"}
,"/Users/kesslertorrez/Documents/My Projects/React/react-prueba/src/presentation/redux/slices/task/taskSlice.ts": {"path":"/Users/kesslertorrez/Documents/My Projects/React/react-prueba/src/presentation/redux/slices/task/taskSlice.ts","statementMap":{"0":{"start":{"line":5,"column":25},"end":{"line":16,"column":2}},"1":{"start":{"line":10,"column":12},"end":{"line":10,"column":39}},"2":{"start":{"line":13,"column":12},"end":{"line":13,"column":70}},"3":{"start":{"line":13,"column":42},"end":{"line":13,"column":68}},"4":{"start":{"line":18,"column":39},"end":{"line":18,"column":56}}},"fnMap":{"0":{"name":"(anonymous_0)","decl":{"start":{"line":9,"column":17},"end":{"line":9,"column":18}},"loc":{"start":{"line":9,"column":66},"end":{"line":11,"column":9}},"line":9},"1":{"name":"(anonymous_1)","decl":{"start":{"line":12,"column":20},"end":{"line":12,"column":21}},"loc":{"start":{"line":12,"column":39},"end":{"line":14,"column":9}},"line":12},"2":{"name":"(anonymous_2)","decl":{"start":{"line":13,"column":32},"end":{"line":13,"column":33}},"loc":{"start":{"line":13,"column":42},"end":{"line":13,"column":68}},"line":13}},"branchMap":{},"s":{"0":3,"1":1,"2":1,"3":2,"4":3},"f":{"0":1,"1":1,"2":2},"b":{},"_coverageSchema":"1a1c01bbd47fc00a2c39e90264f33305004495a9","hash":"0b535515e3bc42936ed46e216fdbff6b54a08369"}
,"/Users/kesslertorrez/Documents/My Projects/React/react-prueba/src/presentation/screens/list/ListScreen.tsx": {"path":"/Users/kesslertorrez/Documents/My Projects/React/react-prueba/src/presentation/screens/list/ListScreen.tsx","statementMap":{"0":{"start":{"line":8,"column":26},"end":{"line":32,"column":1}},"1":{"start":{"line":10,"column":21},"end":{"line":10,"column":37}},"2":{"start":{"line":12,"column":18},"end":{"line":12,"column":56}},"3":{"start":{"line":12,"column":44},"end":{"line":12,"column":55}},"4":{"start":{"line":14,"column":4},"end":{"line":16,"column":10}},"5":{"start":{"line":15,"column":8},"end":{"line":15,"column":31}},"6":{"start":{"line":19,"column":4},"end":{"line":31,"column":6}},"7":{"start":{"line":25,"column":58},"end":{"line":25,"column":93}}},"fnMap":{"0":{"name":"(anonymous_0)","decl":{"start":{"line":8,"column":26},"end":{"line":8,"column":27}},"loc":{"start":{"line":8,"column":32},"end":{"line":32,"column":1}},"line":8},"1":{"name":"(anonymous_1)","decl":{"start":{"line":12,"column":33},"end":{"line":12,"column":34}},"loc":{"start":{"line":12,"column":44},"end":{"line":12,"column":55}},"line":12},"2":{"name":"(anonymous_2)","decl":{"start":{"line":14,"column":14},"end":{"line":14,"column":15}},"loc":{"start":{"line":14,"column":20},"end":{"line":16,"column":5}},"line":14},"3":{"name":"(anonymous_3)","decl":{"start":{"line":25,"column":48},"end":{"line":25,"column":49}},"loc":{"start":{"line":25,"column":58},"end":{"line":25,"column":93}},"line":25}},"branchMap":{"0":{"loc":{"start":{"line":19,"column":11},"end":{"line":31,"column":5}},"type":"cond-expr","locations":[{"start":{"line":19,"column":29},"end":{"line":19,"column":39}},{"start":{"line":20,"column":8},"end":{"line":30,"column":11}}],"line":19},"1":{"loc":{"start":{"line":22,"column":16},"end":{"line":28,"column":17}},"type":"cond-expr","locations":[{"start":{"line":22,"column":40},"end":{"line":22,"column":57}},{"start":{"line":23,"column":20},"end":{"line":27,"column":26}}],"line":22}},"s":{"0":1,"1":4,"2":4,"3":8,"4":4,"5":4,"6":4,"7":2},"f":{"0":4,"1":8,"2":4,"3":2},"b":{"0":[1,3],"1":[1,2]},"_coverageSchema":"1a1c01bbd47fc00a2c39e90264f33305004495a9","hash":"0e22f187588d83206fea31e6ed780f1bad585623"}
,"/Users/kesslertorrez/Documents/My Projects/React/react-prueba/src/presentation/screens/tasks/TaskScreen.tsx": {"path":"/Users/kesslertorrez/Documents/My Projects/React/react-prueba/src/presentation/screens/tasks/TaskScreen.tsx","statementMap":{"0":{"start":{"line":9,"column":26},"end":{"line":48,"column":1}},"1":{"start":{"line":12,"column":40},"end":{"line":12,"column":52}},"2":{"start":{"line":15,"column":21},"end":{"line":15,"column":59}},"3":{"start":{"line":15,"column":47},"end":{"line":15,"column":58}},"4":{"start":{"line":18,"column":21},"end":{"line":18,"column":37}},"5":{"start":{"line":20,"column":4},"end":{"line":47,"column":6}},"6":{"start":{"line":26,"column":68},"end":{"line":26,"column":97}},"7":{"start":{"line":32,"column":24},"end":{"line":32,"column":67}},"8":{"start":{"line":32,"column":60},"end":{"line":32,"column":67}},"9":{"start":{"line":35,"column":24},"end":{"line":35,"column":80}},"10":{"start":{"line":38,"column":24},"end":{"line":38,"column":42}},"11":{"start":{"line":44,"column":54},"end":{"line":44,"column":124}},"12":{"start":{"line":44,"column":92},"end":{"line":44,"column":121}}},"fnMap":{"0":{"name":"(anonymous_0)","decl":{"start":{"line":9,"column":26},"end":{"line":9,"column":27}},"loc":{"start":{"line":9,"column":32},"end":{"line":48,"column":1}},"line":9},"1":{"name":"(anonymous_1)","decl":{"start":{"line":15,"column":36},"end":{"line":15,"column":37}},"loc":{"start":{"line":15,"column":47},"end":{"line":15,"column":58}},"line":15},"2":{"name":"(anonymous_2)","decl":{"start":{"line":26,"column":30},"end":{"line":26,"column":31}},"loc":{"start":{"line":26,"column":68},"end":{"line":26,"column":97}},"line":26},"3":{"name":"(anonymous_3)","decl":{"start":{"line":29,"column":29},"end":{"line":29,"column":30}},"loc":{"start":{"line":29,"column":35},"end":{"line":40,"column":21}},"line":29},"4":{"name":"(anonymous_4)","decl":{"start":{"line":44,"column":29},"end":{"line":44,"column":30}},"loc":{"start":{"line":44,"column":54},"end":{"line":44,"column":124}},"line":44},"5":{"name":"(anonymous_5)","decl":{"start":{"line":44,"column":86},"end":{"line":44,"column":87}},"loc":{"start":{"line":44,"column":92},"end":{"line":44,"column":121}},"line":44}},"branchMap":{"0":{"loc":{"start":{"line":32,"column":24},"end":{"line":32,"column":67}},"type":"if","locations":[{"start":{"line":32,"column":24},"end":{"line":32,"column":67}},{"start":{},"end":{}}],"line":32}},"s":{"0":1,"1":3,"2":3,"3":6,"4":3,"5":3,"6":0,"7":0,"8":0,"9":0,"10":0,"11":0,"12":0},"f":{"0":3,"1":6,"2":0,"3":0,"4":0,"5":0},"b":{"0":[0,0]},"_coverageSchema":"1a1c01bbd47fc00a2c39e90264f33305004495a9","hash":"9d8c4bc260411d1b8d106e069aa4a953c605500c"}
}
